<?xml version="1.0" encoding="UTF-8"?>
<!-- Generated by org.testng.reporters.JUnitReportReporter -->
<testsuite skipped="0" hostname="DESKTOP-9DK63RU" name="com.edcast.portnov.loginpagetests.PositiveLoginTests" tests="1" failures="0" timestamp="14 Jan 2019 09:46:41 GMT" time="12.004" errors="0">
  <testcase name="loginTest" time="12.004" classname="com.edcast.portnov.loginpagetests.PositiveLoginTests"/>
</testsuite> <!-- com.edcast.portnov.loginpagetests.PositiveLoginTests -->
