<?xml version="1.0" encoding="UTF-8"?>
<!-- Generated by org.testng.reporters.JUnitReportReporter -->
<testsuite skipped="0" hostname="DESKTOP-9DK63RU" name="com.t4project.loginpagetests.ResetPasswordTest" tests="4" failures="0" timestamp="19 Mar 2019 04:34:13 GMT" time="26.347" errors="0">
  <testcase name="positiveResetPasswordTest" time="5.960" classname="com.t4project.loginpagetests.ResetPasswordTest"/>
  <testcase name="positiveResetPasswordTest" time="6.131" classname="com.t4project.loginpagetests.ResetPasswordTest"/>
  <testcase name="negativeResetPasswordTest" time="6.725" classname="com.t4project.loginpagetests.ResetPasswordTest"/>
  <testcase name="negativeResetPasswordTest" time="7.531" classname="com.t4project.loginpagetests.ResetPasswordTest"/>
</testsuite> <!-- com.t4project.loginpagetests.ResetPasswordTest -->
