<?xml version="1.0" encoding="UTF-8"?>
<!-- Generated by org.testng.reporters.JUnitReportReporter -->
<testsuite skipped="0" hostname="DESKTOP-9DK63RU" name="com.t4project.loginpagetests.NegativeLoginTests" tests="10" failures="0" timestamp="19 Mar 2019 03:14:17 GMT" time="67.780" errors="0">
  <testcase name="negativeLoginTest" time="7.571" classname="com.t4project.loginpagetests.NegativeLoginTests"/>
  <testcase name="negativeLoginTest" time="6.605" classname="com.t4project.loginpagetests.NegativeLoginTests"/>
  <testcase name="negativeLoginTest" time="8.303" classname="com.t4project.loginpagetests.NegativeLoginTests"/>
  <testcase name="negativeLoginTest" time="6.407" classname="com.t4project.loginpagetests.NegativeLoginTests"/>
  <testcase name="negativeLoginTest" time="5.309" classname="com.t4project.loginpagetests.NegativeLoginTests"/>
  <testcase name="negativeLoginTest" time="5.979" classname="com.t4project.loginpagetests.NegativeLoginTests"/>
  <testcase name="negativeLoginTest" time="5.909" classname="com.t4project.loginpagetests.NegativeLoginTests"/>
  <testcase name="negativeLoginTest" time="5.580" classname="com.t4project.loginpagetests.NegativeLoginTests"/>
  <testcase name="negativeLoginTest" time="6.296" classname="com.t4project.loginpagetests.NegativeLoginTests"/>
  <testcase name="negativeLoginTest" time="9.821" classname="com.t4project.loginpagetests.NegativeLoginTests"/>
</testsuite> <!-- com.t4project.loginpagetests.NegativeLoginTests -->
