<?xml version="1.0" encoding="UTF-8"?>
<!-- Generated by org.testng.reporters.JUnitReportReporter -->
<testsuite skipped="0" hostname="DESKTOP-9DK63RU" name="com.edcast.portnov.NegativeTests" tests="1" failures="0" timestamp="12 Jan 2019 07:27:42 GMT" time="9.544" errors="0">
  <testcase name="negativeTest" time="9.544" classname="com.edcast.portnov.NegativeTests"/>
</testsuite> <!-- com.edcast.portnov.NegativeTests -->
