<?xml version="1.0" encoding="UTF-8"?>
<!-- Generated by org.testng.reporters.JUnitReportReporter -->
<testsuite skipped="0" hostname="DESKTOP-9DK63RU" name="com.t4project.loginpagetests.ResetPasswordTest" tests="2" failures="0" timestamp="24 Jan 2019 01:39:21 GMT" time="14.642" errors="0">
  <testcase name="negativeResetPasswordTest" time="8.103" classname="com.t4project.loginpagetests.ResetPasswordTest"/>
  <testcase name="positiveResetPasswordTest" time="6.539" classname="com.t4project.loginpagetests.ResetPasswordTest"/>
</testsuite> <!-- com.t4project.loginpagetests.ResetPasswordTest -->
