<?xml version="1.0" encoding="UTF-8"?>
<!-- Generated by org.testng.reporters.JUnitReportReporter -->
<testsuite skipped="0" hostname="DESKTOP-9DK63RU" name="com.t4project.loginpagetests.PositiveLoginTests" tests="1" failures="0" timestamp="19 Mar 2019 03:13:28 GMT" time="9.863" errors="0">
  <testcase name="loginTest" time="9.863" classname="com.t4project.loginpagetests.PositiveLoginTests"/>
</testsuite> <!-- com.t4project.loginpagetests.PositiveLoginTests -->
