<?xml version="1.0" encoding="UTF-8"?>
<!-- Generated by org.testng.reporters.JUnitReportReporter -->
<testsuite skipped="0" hostname="DESKTOP-9DK63RU" name="com.t4project.loginpagetests.PositiveLoginTests" tests="1" failures="0" timestamp="14 Mar 2019 04:57:11 GMT" time="10.448" errors="0">
  <testcase name="loginTest" time="10.448" classname="com.t4project.loginpagetests.PositiveLoginTests"/>
</testsuite> <!-- com.t4project.loginpagetests.PositiveLoginTests -->
