<?xml version="1.0" encoding="UTF-8"?>
<!-- Generated by org.testng.reporters.JUnitReportReporter -->
<testsuite skipped="0" hostname="DESKTOP-9DK63RU" name="com.edcast.portnov.PositiveTests" tests="2" failures="0" timestamp="12 Jan 2019 06:06:24 GMT" time="25.752" errors="0">
  <testcase name="loginTest" time="10.088" classname="com.edcast.portnov.PositiveTests"/>
  <testcase name="loginTest" time="15.664" classname="com.edcast.portnov.PositiveTests"/>
</testsuite> <!-- com.edcast.portnov.PositiveTests -->
