<?xml version="1.0" encoding="UTF-8"?>
<!-- Generated by org.testng.reporters.JUnitReportReporter -->
<testsuite skipped="0" hostname="DESKTOP-9DK63RU" name="com.t4project.loginpagetests.NegativeLoginTests" tests="10" failures="0" timestamp="24 Jan 2019 18:28:27 GMT" time="460.874" errors="0">
  <testcase name="negativeLoginTest" time="33.172" classname="com.t4project.loginpagetests.NegativeLoginTests"/>
  <testcase name="negativeLoginTest" time="30.348" classname="com.t4project.loginpagetests.NegativeLoginTests"/>
  <testcase name="negativeLoginTest" time="39.730" classname="com.t4project.loginpagetests.NegativeLoginTests"/>
  <testcase name="negativeLoginTest" time="25.225" classname="com.t4project.loginpagetests.NegativeLoginTests"/>
  <testcase name="negativeLoginTest" time="10.548" classname="com.t4project.loginpagetests.NegativeLoginTests"/>
  <testcase name="negativeLoginTest" time="177.971" classname="com.t4project.loginpagetests.NegativeLoginTests"/>
  <testcase name="negativeLoginTest" time="19.466" classname="com.t4project.loginpagetests.NegativeLoginTests"/>
  <testcase name="negativeLoginTest" time="39.024" classname="com.t4project.loginpagetests.NegativeLoginTests"/>
  <testcase name="negativeLoginTest" time="30.376" classname="com.t4project.loginpagetests.NegativeLoginTests"/>
  <testcase name="negativeLoginTest" time="55.014" classname="com.t4project.loginpagetests.NegativeLoginTests"/>
</testsuite> <!-- com.t4project.loginpagetests.NegativeLoginTests -->
